<?xml version="1.0" encoding="UTF-8"?>
<!-- Generated by org.testng.reporters.JUnitReportReporter -->
<testsuite hostname="DESKTOP-7PGM774" name="com.testcases.Annotation" tests="2" failures="0" timestamp="27 Jun 2018 10:55:15 GMT" time="0.013" errors="0">
  <testcase name="testB" time="0.002" classname="com.testcases.Annotation"/>
  <testcase name="testA" time="0.011" classname="com.testcases.Annotation"/>
</testsuite> <!-- com.testcases.Annotation -->
