<?xml version="1.0" encoding="UTF-8"?>
<!-- Generated by org.testng.reporters.JUnitReportReporter -->
<testsuite hostname="DESKTOP-7PGM774" name="com.testcases.LoginTest" tests="3" failures="0" timestamp="1 Jul 2018 01:14:10 GMT" time="9.108" errors="0">
  <testcase name="logout" time="1.950" classname="com.testcases.LoginTest"/>
  <testcase name="login" time="5.425" classname="com.testcases.LoginTest"/>
  <testcase name="getUrl" time="1.733" classname="com.testcases.LoginTest"/>
</testsuite> <!-- com.testcases.LoginTest -->
