<?xml version="1.0" encoding="UTF-8"?>
<!-- Generated by org.testng.reporters.JUnitReportReporter -->
<testsuite hostname="DESKTOP-7PGM774" name="com.testcases.LoginTest" tests="3" failures="0" timestamp="1 Jul 2018 14:42:36 GMT" time="35.614" errors="0">
  <testcase name="getUrl" time="7.072" classname="com.testcases.LoginTest"/>
  <testcase name="logout" time="11.213" classname="com.testcases.LoginTest"/>
  <testcase name="login" time="17.329" classname="com.testcases.LoginTest"/>
</testsuite> <!-- com.testcases.LoginTest -->
